INFO - 2023-10-12 18:34:50 --> Session: Class initialized using 'CodeIgniter\Session\Handlers\FileHandler' driver.
INFO - 2023-10-12 18:43:14 --> Session: Class initialized using 'CodeIgniter\Session\Handlers\FileHandler' driver.
WARNING - 2023-10-12 18:43:14 --> Session: Sessions is enabled, and one exists. Please don't $session->start();
WARNING - 2023-10-12 18:43:15 --> Session: Sessions is enabled, and one exists. Please don't $session->start();
INFO - 2023-10-12 18:56:38 --> Session: Class initialized using 'CodeIgniter\Session\Handlers\FileHandler' driver.
INFO - 2023-10-12 18:57:33 --> Session: Class initialized using 'CodeIgniter\Session\Handlers\FileHandler' driver.
WARNING - 2023-10-12 18:57:33 --> Session: Sessions is enabled, and one exists. Please don't $session->start();
WARNING - 2023-10-12 18:57:33 --> Session: Sessions is enabled, and one exists. Please don't $session->start();
INFO - 2023-10-12 18:57:52 --> Session: Class initialized using 'CodeIgniter\Session\Handlers\FileHandler' driver.
INFO - 2023-10-12 18:58:01 --> Session: Class initialized using 'CodeIgniter\Session\Handlers\FileHandler' driver.
WARNING - 2023-10-12 18:58:01 --> Session: Sessions is enabled, and one exists. Please don't $session->start();
WARNING - 2023-10-12 18:58:01 --> Session: Sessions is enabled, and one exists. Please don't $session->start();
INFO - 2023-10-12 19:00:55 --> Session: Class initialized using 'CodeIgniter\Session\Handlers\FileHandler' driver.
INFO - 2023-10-12 19:01:01 --> Session: Class initialized using 'CodeIgniter\Session\Handlers\FileHandler' driver.
WARNING - 2023-10-12 19:01:01 --> Session: Sessions is enabled, and one exists. Please don't $session->start();
INFO - 2023-10-12 19:02:57 --> Session: Class initialized using 'CodeIgniter\Session\Handlers\FileHandler' driver.
INFO - 2023-10-12 19:03:03 --> Session: Class initialized using 'CodeIgniter\Session\Handlers\FileHandler' driver.
WARNING - 2023-10-12 19:03:03 --> Session: Sessions is enabled, and one exists. Please don't $session->start();
INFO - 2023-10-12 19:03:34 --> Session: Class initialized using 'CodeIgniter\Session\Handlers\FileHandler' driver.
WARNING - 2023-10-12 19:03:34 --> Session: Sessions is enabled, and one exists. Please don't $session->start();
CRITICAL - 2023-10-12 19:03:35 --> Undefined array key "firstnmmionm"
in APPPATH\Controllers\Auth.php on line 48.
 1 APPPATH\Controllers\Auth.php(48): CodeIgniter\Debug\Exceptions->errorHandler(2, 'Undefined array key "firstnmmionm"', 'C:\\xampp\\htdocs\\uniportals\\app\\Controllers\\Auth.php', 48)
 2 SYSTEMPATH\CodeIgniter.php(915): App\Controllers\Auth->signin()
 3 SYSTEMPATH\CodeIgniter.php(492): CodeIgniter\CodeIgniter->runController(Object(App\Controllers\Auth))
 4 SYSTEMPATH\CodeIgniter.php(353): CodeIgniter\CodeIgniter->handleRequest(null, Object(Config\Cache), false)
 5 FCPATH\index.php(79): CodeIgniter\CodeIgniter->run()
INFO - 2023-10-12 19:31:38 --> Session: Class initialized using 'CodeIgniter\Session\Handlers\FileHandler' driver.
WARNING - 2023-10-12 19:31:38 --> Session: Sessions is enabled, and one exists. Please don't $session->start();
CRITICAL - 2023-10-12 19:31:38 --> Undefined array key "firstnmmionm"
in APPPATH\Controllers\Auth.php on line 48.
 1 APPPATH\Controllers\Auth.php(48): CodeIgniter\Debug\Exceptions->errorHandler(2, 'Undefined array key "firstnmmionm"', 'C:\\xampp\\htdocs\\uniportals\\app\\Controllers\\Auth.php', 48)
 2 SYSTEMPATH\CodeIgniter.php(915): App\Controllers\Auth->signin()
 3 SYSTEMPATH\CodeIgniter.php(492): CodeIgniter\CodeIgniter->runController(Object(App\Controllers\Auth))
 4 SYSTEMPATH\CodeIgniter.php(353): CodeIgniter\CodeIgniter->handleRequest(null, Object(Config\Cache), false)
 5 FCPATH\index.php(79): CodeIgniter\CodeIgniter->run()
INFO - 2023-10-12 19:31:51 --> Session: Class initialized using 'CodeIgniter\Session\Handlers\FileHandler' driver.
WARNING - 2023-10-12 19:31:51 --> Session: Sessions is enabled, and one exists. Please don't $session->start();
INFO - 2023-10-12 19:39:21 --> Session: Class initialized using 'CodeIgniter\Session\Handlers\FileHandler' driver.
INFO - 2023-10-12 19:39:25 --> Session: Class initialized using 'CodeIgniter\Session\Handlers\FileHandler' driver.
INFO - 2023-10-12 19:44:33 --> Session: Class initialized using 'CodeIgniter\Session\Handlers\FileHandler' driver.
INFO - 2023-10-12 19:44:48 --> Session: Class initialized using 'CodeIgniter\Session\Handlers\FileHandler' driver.
INFO - 2023-10-12 19:56:05 --> Session: Class initialized using 'CodeIgniter\Session\Handlers\FileHandler' driver.
WARNING - 2023-10-12 19:56:05 --> Session: Sessions is enabled, and one exists. Please don't $session->start();
INFO - 2023-10-12 20:14:04 --> Session: Class initialized using 'CodeIgniter\Session\Handlers\FileHandler' driver.
INFO - 2023-10-12 20:14:27 --> Session: Class initialized using 'CodeIgniter\Session\Handlers\FileHandler' driver.
WARNING - 2023-10-12 20:14:27 --> Session: Sessions is enabled, and one exists. Please don't $session->start();
INFO - 2023-10-12 20:15:53 --> Session: Class initialized using 'CodeIgniter\Session\Handlers\FileHandler' driver.
WARNING - 2023-10-12 20:15:53 --> Session: Sessions is enabled, and one exists. Please don't $session->start();
INFO - 2023-10-12 20:16:53 --> Session: Class initialized using 'CodeIgniter\Session\Handlers\FileHandler' driver.
WARNING - 2023-10-12 20:16:53 --> Session: Sessions is enabled, and one exists. Please don't $session->start();
INFO - 2023-10-12 20:17:38 --> Session: Class initialized using 'CodeIgniter\Session\Handlers\FileHandler' driver.
WARNING - 2023-10-12 20:17:38 --> Session: Sessions is enabled, and one exists. Please don't $session->start();
INFO - 2023-10-12 20:17:50 --> Session: Class initialized using 'CodeIgniter\Session\Handlers\FileHandler' driver.
INFO - 2023-10-12 20:18:06 --> Session: Class initialized using 'CodeIgniter\Session\Handlers\FileHandler' driver.
WARNING - 2023-10-12 20:18:06 --> Session: Sessions is enabled, and one exists. Please don't $session->start();
ERROR - 2023-10-12 20:18:06 --> user with the cookie id tried to log in on this date
INFO - 2023-10-12 20:18:08 --> Session: Class initialized using 'CodeIgniter\Session\Handlers\FileHandler' driver.
INFO - 2023-10-12 20:18:25 --> Session: Class initialized using 'CodeIgniter\Session\Handlers\FileHandler' driver.
WARNING - 2023-10-12 20:18:25 --> Session: Sessions is enabled, and one exists. Please don't $session->start();
ERROR - 2023-10-12 20:18:25 --> user with the cookie id tried to log in on this date
INFO - 2023-10-12 20:18:27 --> Session: Class initialized using 'CodeIgniter\Session\Handlers\FileHandler' driver.
INFO - 2023-10-12 20:18:41 --> Session: Class initialized using 'CodeIgniter\Session\Handlers\FileHandler' driver.
WARNING - 2023-10-12 20:18:41 --> Session: Sessions is enabled, and one exists. Please don't $session->start();
INFO - 2023-10-12 20:19:06 --> Session: Class initialized using 'CodeIgniter\Session\Handlers\FileHandler' driver.
WARNING - 2023-10-12 20:19:06 --> Session: Sessions is enabled, and one exists. Please don't $session->start();
INFO - 2023-10-12 20:20:31 --> Session: Class initialized using 'CodeIgniter\Session\Handlers\FileHandler' driver.
WARNING - 2023-10-12 20:20:31 --> Session: Sessions is enabled, and one exists. Please don't $session->start();
INFO - 2023-10-12 20:21:01 --> Session: Class initialized using 'CodeIgniter\Session\Handlers\FileHandler' driver.
WARNING - 2023-10-12 20:21:01 --> Session: Sessions is enabled, and one exists. Please don't $session->start();
INFO - 2023-10-12 20:24:48 --> Session: Class initialized using 'CodeIgniter\Session\Handlers\FileHandler' driver.
WARNING - 2023-10-12 20:24:48 --> Session: Sessions is enabled, and one exists. Please don't $session->start();
INFO - 2023-10-12 20:43:40 --> Session: Class initialized using 'CodeIgniter\Session\Handlers\FileHandler' driver.
WARNING - 2023-10-12 20:43:40 --> Session: Sessions is enabled, and one exists. Please don't $session->start();
CRITICAL - 2023-10-12 20:43:41 --> Trying to access array offset on value of type null
in APPPATH\Controllers\Auth.php on line 81.
 1 APPPATH\Controllers\Auth.php(81): CodeIgniter\Debug\Exceptions->errorHandler(2, 'Trying to access array offset on value of type null', 'C:\\xampp\\htdocs\\uniportals\\app\\Controllers\\Auth.php', 81)
 2 APPPATH\Controllers\Auth.php(41): App\Controllers\Auth->getStudentImage('11')
 3 SYSTEMPATH\CodeIgniter.php(915): App\Controllers\Auth->signin()
 4 SYSTEMPATH\CodeIgniter.php(492): CodeIgniter\CodeIgniter->runController(Object(App\Controllers\Auth))
 5 SYSTEMPATH\CodeIgniter.php(353): CodeIgniter\CodeIgniter->handleRequest(null, Object(Config\Cache), false)
 6 FCPATH\index.php(79): CodeIgniter\CodeIgniter->run()
INFO - 2023-10-12 20:48:19 --> Session: Class initialized using 'CodeIgniter\Session\Handlers\FileHandler' driver.
WARNING - 2023-10-12 20:48:19 --> Session: Sessions is enabled, and one exists. Please don't $session->start();
INFO - 2023-10-12 20:51:13 --> Session: Class initialized using 'CodeIgniter\Session\Handlers\FileHandler' driver.
WARNING - 2023-10-12 20:51:13 --> Session: Sessions is enabled, and one exists. Please don't $session->start();
INFO - 2023-10-12 20:52:50 --> Session: Class initialized using 'CodeIgniter\Session\Handlers\FileHandler' driver.
WARNING - 2023-10-12 20:52:50 --> Session: Sessions is enabled, and one exists. Please don't $session->start();
INFO - 2023-10-12 20:53:04 --> Session: Class initialized using 'CodeIgniter\Session\Handlers\FileHandler' driver.
WARNING - 2023-10-12 20:53:04 --> Session: Sessions is enabled, and one exists. Please don't $session->start();
INFO - 2023-10-12 20:53:30 --> Session: Class initialized using 'CodeIgniter\Session\Handlers\FileHandler' driver.
WARNING - 2023-10-12 20:53:30 --> Session: Sessions is enabled, and one exists. Please don't $session->start();
INFO - 2023-10-12 20:54:19 --> Session: Class initialized using 'CodeIgniter\Session\Handlers\FileHandler' driver.
WARNING - 2023-10-12 20:54:19 --> Session: Sessions is enabled, and one exists. Please don't $session->start();
INFO - 2023-10-12 20:55:10 --> Session: Class initialized using 'CodeIgniter\Session\Handlers\FileHandler' driver.
WARNING - 2023-10-12 20:55:10 --> Session: Sessions is enabled, and one exists. Please don't $session->start();
INFO - 2023-10-12 20:55:48 --> Session: Class initialized using 'CodeIgniter\Session\Handlers\FileHandler' driver.
WARNING - 2023-10-12 20:55:48 --> Session: Sessions is enabled, and one exists. Please don't $session->start();
INFO - 2023-10-12 20:56:06 --> Session: Class initialized using 'CodeIgniter\Session\Handlers\FileHandler' driver.
WARNING - 2023-10-12 20:56:06 --> Session: Sessions is enabled, and one exists. Please don't $session->start();
INFO - 2023-10-12 20:56:53 --> Session: Class initialized using 'CodeIgniter\Session\Handlers\FileHandler' driver.
WARNING - 2023-10-12 20:56:53 --> Session: Sessions is enabled, and one exists. Please don't $session->start();
INFO - 2023-10-12 20:57:08 --> Session: Class initialized using 'CodeIgniter\Session\Handlers\FileHandler' driver.
INFO - 2023-10-12 20:57:23 --> Session: Class initialized using 'CodeIgniter\Session\Handlers\FileHandler' driver.
INFO - 2023-10-12 20:58:04 --> Session: Class initialized using 'CodeIgniter\Session\Handlers\FileHandler' driver.
INFO - 2023-10-12 20:58:05 --> Session: Class initialized using 'CodeIgniter\Session\Handlers\FileHandler' driver.
INFO - 2023-10-12 20:58:21 --> Session: Class initialized using 'CodeIgniter\Session\Handlers\FileHandler' driver.
INFO - 2023-10-12 20:58:35 --> Session: Class initialized using 'CodeIgniter\Session\Handlers\FileHandler' driver.
INFO - 2023-10-12 20:58:45 --> Session: Class initialized using 'CodeIgniter\Session\Handlers\FileHandler' driver.
INFO - 2023-10-12 20:58:57 --> Session: Class initialized using 'CodeIgniter\Session\Handlers\FileHandler' driver.
INFO - 2023-10-12 20:59:17 --> Session: Class initialized using 'CodeIgniter\Session\Handlers\FileHandler' driver.
WARNING - 2023-10-12 20:59:17 --> Session: Sessions is enabled, and one exists. Please don't $session->start();
INFO - 2023-10-12 20:59:28 --> Session: Class initialized using 'CodeIgniter\Session\Handlers\FileHandler' driver.
INFO - 2023-10-12 21:02:47 --> Session: Class initialized using 'CodeIgniter\Session\Handlers\FileHandler' driver.
INFO - 2023-10-12 21:05:52 --> Session: Class initialized using 'CodeIgniter\Session\Handlers\FileHandler' driver.
INFO - 2023-10-12 21:06:44 --> Session: Class initialized using 'CodeIgniter\Session\Handlers\FileHandler' driver.
WARNING - 2023-10-12 21:06:44 --> Session: Sessions is enabled, and one exists. Please don't $session->start();
INFO - 2023-10-12 21:07:00 --> Session: Class initialized using 'CodeIgniter\Session\Handlers\FileHandler' driver.
WARNING - 2023-10-12 21:07:00 --> Session: Sessions is enabled, and one exists. Please don't $session->start();
ERROR - 2023-10-12 21:07:00 --> user with the cookie id tried to log in on this date
INFO - 2023-10-12 21:07:02 --> Session: Class initialized using 'CodeIgniter\Session\Handlers\FileHandler' driver.
INFO - 2023-10-12 21:07:14 --> Session: Class initialized using 'CodeIgniter\Session\Handlers\FileHandler' driver.
WARNING - 2023-10-12 21:07:14 --> Session: Sessions is enabled, and one exists. Please don't $session->start();
