INFO - 2023-10-05 19:12:24 --> Session: Class initialized using 'CodeIgniter\Session\Handlers\FileHandler' driver.
INFO - 2023-10-05 19:12:47 --> Session: Class initialized using 'CodeIgniter\Session\Handlers\FileHandler' driver.
INFO - 2023-10-05 19:13:02 --> Session: Class initialized using 'CodeIgniter\Session\Handlers\FileHandler' driver.
INFO - 2023-10-05 19:13:05 --> Session: Class initialized using 'CodeIgniter\Session\Handlers\FileHandler' driver.
INFO - 2023-10-05 19:28:19 --> Session: Class initialized using 'CodeIgniter\Session\Handlers\FileHandler' driver.
WARNING - 2023-10-05 19:28:19 --> Session: Sessions is enabled, and one exists. Please don't $session->start();
INFO - 2023-10-05 19:37:49 --> Session: Class initialized using 'CodeIgniter\Session\Handlers\FileHandler' driver.
WARNING - 2023-10-05 19:37:49 --> Session: Sessions is enabled, and one exists. Please don't $session->start();
INFO - 2023-10-05 19:38:40 --> Session: Class initialized using 'CodeIgniter\Session\Handlers\FileHandler' driver.
WARNING - 2023-10-05 19:38:40 --> Session: Sessions is enabled, and one exists. Please don't $session->start();
INFO - 2023-10-05 19:39:41 --> Session: Class initialized using 'CodeIgniter\Session\Handlers\FileHandler' driver.
WARNING - 2023-10-05 19:39:41 --> Session: Sessions is enabled, and one exists. Please don't $session->start();
INFO - 2023-10-05 19:44:05 --> Session: Class initialized using 'CodeIgniter\Session\Handlers\FileHandler' driver.
WARNING - 2023-10-05 19:44:05 --> Session: Sessions is enabled, and one exists. Please don't $session->start();
INFO - 2023-10-05 19:45:40 --> Session: Class initialized using 'CodeIgniter\Session\Handlers\FileHandler' driver.
WARNING - 2023-10-05 19:45:40 --> Session: Sessions is enabled, and one exists. Please don't $session->start();
CRITICAL - 2023-10-05 19:45:40 --> Invalid file: "template/_sidemenu.php"
in SYSTEMPATH\Exceptions\FrameworkException.php on line 39.
 1 SYSTEMPATH\View\View.php(214): CodeIgniter\Exceptions\FrameworkException::forInvalidFile('template/_sidemenu.php')
 2 SYSTEMPATH\Common.php(1178): CodeIgniter\View\View->render('template/_sidemenu', [], true)
 3 APPPATH\Views\auth\register_view.php(72): view('template/_sidemenu')
 4 SYSTEMPATH\View\View.php(226): include('C:\\xampp\\htdocs\\uniportals\\app\\Views\\auth\\register_view.php')
 5 SYSTEMPATH\View\View.php(229): CodeIgniter\View\View->CodeIgniter\View\{closure}()
 6 SYSTEMPATH\Common.php(1178): CodeIgniter\View\View->render('auth/register_view', [], true)
 7 APPPATH\Controllers\Auth.php(53): view('auth/register_view')
 8 SYSTEMPATH\CodeIgniter.php(915): App\Controllers\Auth->register()
 9 SYSTEMPATH\CodeIgniter.php(492): CodeIgniter\CodeIgniter->runController(Object(App\Controllers\Auth))
10 SYSTEMPATH\CodeIgniter.php(353): CodeIgniter\CodeIgniter->handleRequest(null, Object(Config\Cache), false)
11 FCPATH\index.php(79): CodeIgniter\CodeIgniter->run()
INFO - 2023-10-05 19:46:11 --> Session: Class initialized using 'CodeIgniter\Session\Handlers\FileHandler' driver.
WARNING - 2023-10-05 19:46:11 --> Session: Sessions is enabled, and one exists. Please don't $session->start();
INFO - 2023-10-05 19:46:23 --> Session: Class initialized using 'CodeIgniter\Session\Handlers\FileHandler' driver.
INFO - 2023-10-05 19:46:37 --> Session: Class initialized using 'CodeIgniter\Session\Handlers\FileHandler' driver.
WARNING - 2023-10-05 19:46:37 --> Session: Sessions is enabled, and one exists. Please don't $session->start();
INFO - 2023-10-05 19:46:42 --> Session: Class initialized using 'CodeIgniter\Session\Handlers\FileHandler' driver.
INFO - 2023-10-05 19:46:46 --> Session: Class initialized using 'CodeIgniter\Session\Handlers\FileHandler' driver.
WARNING - 2023-10-05 19:46:46 --> Session: Sessions is enabled, and one exists. Please don't $session->start();
INFO - 2023-10-05 19:49:38 --> Session: Class initialized using 'CodeIgniter\Session\Handlers\FileHandler' driver.
WARNING - 2023-10-05 19:49:38 --> Session: Sessions is enabled, and one exists. Please don't $session->start();
INFO - 2023-10-05 19:52:27 --> Session: Class initialized using 'CodeIgniter\Session\Handlers\FileHandler' driver.
WARNING - 2023-10-05 19:52:27 --> Session: Sessions is enabled, and one exists. Please don't $session->start();
INFO - 2023-10-05 19:53:54 --> Session: Class initialized using 'CodeIgniter\Session\Handlers\FileHandler' driver.
WARNING - 2023-10-05 19:53:54 --> Session: Sessions is enabled, and one exists. Please don't $session->start();
INFO - 2023-10-05 19:54:21 --> Session: Class initialized using 'CodeIgniter\Session\Handlers\FileHandler' driver.
WARNING - 2023-10-05 19:54:21 --> Session: Sessions is enabled, and one exists. Please don't $session->start();
INFO - 2023-10-05 19:54:46 --> Session: Class initialized using 'CodeIgniter\Session\Handlers\FileHandler' driver.
WARNING - 2023-10-05 19:54:46 --> Session: Sessions is enabled, and one exists. Please don't $session->start();
INFO - 2023-10-05 19:55:16 --> Session: Class initialized using 'CodeIgniter\Session\Handlers\FileHandler' driver.
WARNING - 2023-10-05 19:55:16 --> Session: Sessions is enabled, and one exists. Please don't $session->start();
INFO - 2023-10-05 19:56:07 --> Session: Class initialized using 'CodeIgniter\Session\Handlers\FileHandler' driver.
WARNING - 2023-10-05 19:56:07 --> Session: Sessions is enabled, and one exists. Please don't $session->start();
INFO - 2023-10-05 19:56:47 --> Session: Class initialized using 'CodeIgniter\Session\Handlers\FileHandler' driver.
WARNING - 2023-10-05 19:56:47 --> Session: Sessions is enabled, and one exists. Please don't $session->start();
INFO - 2023-10-05 20:20:10 --> Session: Class initialized using 'CodeIgniter\Session\Handlers\FileHandler' driver.
WARNING - 2023-10-05 20:20:10 --> Session: Sessions is enabled, and one exists. Please don't $session->start();
INFO - 2023-10-05 20:22:07 --> Session: Class initialized using 'CodeIgniter\Session\Handlers\FileHandler' driver.
WARNING - 2023-10-05 20:22:07 --> Session: Sessions is enabled, and one exists. Please don't $session->start();
INFO - 2023-10-05 20:27:18 --> Session: Class initialized using 'CodeIgniter\Session\Handlers\FileHandler' driver.
WARNING - 2023-10-05 20:27:18 --> Session: Sessions is enabled, and one exists. Please don't $session->start();
INFO - 2023-10-05 20:29:43 --> Session: Class initialized using 'CodeIgniter\Session\Handlers\FileHandler' driver.
WARNING - 2023-10-05 20:29:43 --> Session: Sessions is enabled, and one exists. Please don't $session->start();
INFO - 2023-10-05 20:30:32 --> Session: Class initialized using 'CodeIgniter\Session\Handlers\FileHandler' driver.
WARNING - 2023-10-05 20:30:32 --> Session: Sessions is enabled, and one exists. Please don't $session->start();
INFO - 2023-10-05 20:31:24 --> Session: Class initialized using 'CodeIgniter\Session\Handlers\FileHandler' driver.
WARNING - 2023-10-05 20:31:24 --> Session: Sessions is enabled, and one exists. Please don't $session->start();
INFO - 2023-10-05 20:32:25 --> Session: Class initialized using 'CodeIgniter\Session\Handlers\FileHandler' driver.
WARNING - 2023-10-05 20:32:25 --> Session: Sessions is enabled, and one exists. Please don't $session->start();
INFO - 2023-10-05 20:32:59 --> Session: Class initialized using 'CodeIgniter\Session\Handlers\FileHandler' driver.
WARNING - 2023-10-05 20:32:59 --> Session: Sessions is enabled, and one exists. Please don't $session->start();
INFO - 2023-10-05 20:33:36 --> Session: Class initialized using 'CodeIgniter\Session\Handlers\FileHandler' driver.
WARNING - 2023-10-05 20:33:36 --> Session: Sessions is enabled, and one exists. Please don't $session->start();
INFO - 2023-10-05 20:34:03 --> Session: Class initialized using 'CodeIgniter\Session\Handlers\FileHandler' driver.
WARNING - 2023-10-05 20:34:03 --> Session: Sessions is enabled, and one exists. Please don't $session->start();
INFO - 2023-10-05 20:34:32 --> Session: Class initialized using 'CodeIgniter\Session\Handlers\FileHandler' driver.
WARNING - 2023-10-05 20:34:32 --> Session: Sessions is enabled, and one exists. Please don't $session->start();
INFO - 2023-10-05 20:34:51 --> Session: Class initialized using 'CodeIgniter\Session\Handlers\FileHandler' driver.
WARNING - 2023-10-05 20:34:51 --> Session: Sessions is enabled, and one exists. Please don't $session->start();
INFO - 2023-10-05 20:38:45 --> Session: Class initialized using 'CodeIgniter\Session\Handlers\FileHandler' driver.
WARNING - 2023-10-05 20:38:45 --> Session: Sessions is enabled, and one exists. Please don't $session->start();
INFO - 2023-10-05 20:38:58 --> Session: Class initialized using 'CodeIgniter\Session\Handlers\FileHandler' driver.
WARNING - 2023-10-05 20:38:58 --> Session: Sessions is enabled, and one exists. Please don't $session->start();
INFO - 2023-10-05 20:39:11 --> Session: Class initialized using 'CodeIgniter\Session\Handlers\FileHandler' driver.
WARNING - 2023-10-05 20:39:11 --> Session: Sessions is enabled, and one exists. Please don't $session->start();
INFO - 2023-10-05 20:39:32 --> Session: Class initialized using 'CodeIgniter\Session\Handlers\FileHandler' driver.
WARNING - 2023-10-05 20:39:32 --> Session: Sessions is enabled, and one exists. Please don't $session->start();
INFO - 2023-10-05 20:44:12 --> Session: Class initialized using 'CodeIgniter\Session\Handlers\FileHandler' driver.
INFO - 2023-10-05 20:54:25 --> Session: Class initialized using 'CodeIgniter\Session\Handlers\FileHandler' driver.
INFO - 2023-10-05 20:55:28 --> Session: Class initialized using 'CodeIgniter\Session\Handlers\FileHandler' driver.
INFO - 2023-10-05 21:03:52 --> Session: Class initialized using 'CodeIgniter\Session\Handlers\FileHandler' driver.
INFO - 2023-10-05 21:09:07 --> Session: Class initialized using 'CodeIgniter\Session\Handlers\FileHandler' driver.
INFO - 2023-10-05 21:10:01 --> Session: Class initialized using 'CodeIgniter\Session\Handlers\FileHandler' driver.
INFO - 2023-10-05 21:15:43 --> Session: Class initialized using 'CodeIgniter\Session\Handlers\FileHandler' driver.
INFO - 2023-10-05 21:19:39 --> Session: Class initialized using 'CodeIgniter\Session\Handlers\FileHandler' driver.
WARNING - 2023-10-05 21:19:39 --> Session: Sessions is enabled, and one exists. Please don't $session->start();
INFO - 2023-10-05 21:20:53 --> Session: Class initialized using 'CodeIgniter\Session\Handlers\FileHandler' driver.
ERROR - 2023-10-05 21:20:53 --> mysqli_sql_exception: Duplicate entry '0' for key 'matric' in C:\xampp\htdocs\uniportals\system\Database\MySQLi\Connection.php:306
Stack trace:
#0 C:\xampp\htdocs\uniportals\system\Database\MySQLi\Connection.php(306): mysqli->query('INSERT INTO `st...', 0)
#1 C:\xampp\htdocs\uniportals\system\Database\BaseConnection.php(692): CodeIgniter\Database\MySQLi\Connection->execute('INSERT INTO `st...')
#2 C:\xampp\htdocs\uniportals\system\Database\BaseConnection.php(606): CodeIgniter\Database\BaseConnection->simpleQuery('INSERT INTO `st...')
#3 C:\xampp\htdocs\uniportals\system\Database\BaseBuilder.php(2309): CodeIgniter\Database\BaseConnection->query('INSERT INTO `st...', Array, false)
#4 C:\xampp\htdocs\uniportals\system\Model.php(319): CodeIgniter\Database\BaseBuilder->insert()
#5 C:\xampp\htdocs\uniportals\system\BaseModel.php(788): CodeIgniter\Model->doInsert(Array)
#6 C:\xampp\htdocs\uniportals\system\Model.php(715): CodeIgniter\BaseModel->insert(Array, true)
#7 C:\xampp\htdocs\uniportals\app\Controllers\Biodata.php(48): CodeIgniter\Model->insert(Array)
#8 C:\xampp\htdocs\uniportals\system\CodeIgniter.php(915): App\Controllers\Biodata->register()
#9 C:\xampp\htdocs\uniportals\system\CodeIgniter.php(492): CodeIgniter\CodeIgniter->runController(Object(App\Controllers\Biodata))
#10 C:\xampp\htdocs\uniportals\system\CodeIgniter.php(353): CodeIgniter\CodeIgniter->handleRequest(NULL, Object(Config\Cache), false)
#11 C:\xampp\htdocs\uniportals\public\index.php(79): CodeIgniter\CodeIgniter->run()
#12 {main}
CRITICAL - 2023-10-05 21:20:53 --> Duplicate entry '0' for key 'matric'
in SYSTEMPATH\Database\BaseConnection.php on line 646.
 1 SYSTEMPATH\Database\BaseBuilder.php(2309): CodeIgniter\Database\BaseConnection->query('INSERT INTO `students` (`lastname`, `firstname`, `college`, `department`, `email`, `password`, `gender`) VALUES (:lastname:, :firstname:, :college:, :department:, :email:, :password:, :gender:)', [...], false)
 2 SYSTEMPATH\Model.php(319): CodeIgniter\Database\BaseBuilder->insert()
 3 SYSTEMPATH\BaseModel.php(788): CodeIgniter\Model->doInsert([...])
 4 SYSTEMPATH\Model.php(715): CodeIgniter\BaseModel->insert([...], true)
 5 APPPATH\Controllers\Biodata.php(48): CodeIgniter\Model->insert([...])
 6 SYSTEMPATH\CodeIgniter.php(915): App\Controllers\Biodata->register()
 7 SYSTEMPATH\CodeIgniter.php(492): CodeIgniter\CodeIgniter->runController(Object(App\Controllers\Biodata))
 8 SYSTEMPATH\CodeIgniter.php(353): CodeIgniter\CodeIgniter->handleRequest(null, Object(Config\Cache), false)
 9 FCPATH\index.php(79): CodeIgniter\CodeIgniter->run()
INFO - 2023-10-05 21:21:33 --> Session: Class initialized using 'CodeIgniter\Session\Handlers\FileHandler' driver.
ERROR - 2023-10-05 21:21:33 --> mysqli_sql_exception: Duplicate entry '0' for key 'matric' in C:\xampp\htdocs\uniportals\system\Database\MySQLi\Connection.php:306
Stack trace:
#0 C:\xampp\htdocs\uniportals\system\Database\MySQLi\Connection.php(306): mysqli->query('INSERT INTO `st...', 0)
#1 C:\xampp\htdocs\uniportals\system\Database\BaseConnection.php(692): CodeIgniter\Database\MySQLi\Connection->execute('INSERT INTO `st...')
#2 C:\xampp\htdocs\uniportals\system\Database\BaseConnection.php(606): CodeIgniter\Database\BaseConnection->simpleQuery('INSERT INTO `st...')
#3 C:\xampp\htdocs\uniportals\system\Database\BaseBuilder.php(2309): CodeIgniter\Database\BaseConnection->query('INSERT INTO `st...', Array, false)
#4 C:\xampp\htdocs\uniportals\system\Model.php(319): CodeIgniter\Database\BaseBuilder->insert()
#5 C:\xampp\htdocs\uniportals\system\BaseModel.php(788): CodeIgniter\Model->doInsert(Array)
#6 C:\xampp\htdocs\uniportals\system\Model.php(715): CodeIgniter\BaseModel->insert(Array, true)
#7 C:\xampp\htdocs\uniportals\app\Controllers\Biodata.php(48): CodeIgniter\Model->insert(Array)
#8 C:\xampp\htdocs\uniportals\system\CodeIgniter.php(915): App\Controllers\Biodata->register()
#9 C:\xampp\htdocs\uniportals\system\CodeIgniter.php(492): CodeIgniter\CodeIgniter->runController(Object(App\Controllers\Biodata))
#10 C:\xampp\htdocs\uniportals\system\CodeIgniter.php(353): CodeIgniter\CodeIgniter->handleRequest(NULL, Object(Config\Cache), false)
#11 C:\xampp\htdocs\uniportals\public\index.php(79): CodeIgniter\CodeIgniter->run()
#12 {main}
CRITICAL - 2023-10-05 21:21:33 --> Duplicate entry '0' for key 'matric'
in SYSTEMPATH\Database\BaseConnection.php on line 646.
 1 SYSTEMPATH\Database\BaseBuilder.php(2309): CodeIgniter\Database\BaseConnection->query('INSERT INTO `students` (`lastname`, `firstname`, `college`, `department`, `email`, `password`, `gender`) VALUES (:lastname:, :firstname:, :college:, :department:, :email:, :password:, :gender:)', [...], false)
 2 SYSTEMPATH\Model.php(319): CodeIgniter\Database\BaseBuilder->insert()
 3 SYSTEMPATH\BaseModel.php(788): CodeIgniter\Model->doInsert([...])
 4 SYSTEMPATH\Model.php(715): CodeIgniter\BaseModel->insert([...], true)
 5 APPPATH\Controllers\Biodata.php(48): CodeIgniter\Model->insert([...])
 6 SYSTEMPATH\CodeIgniter.php(915): App\Controllers\Biodata->register()
 7 SYSTEMPATH\CodeIgniter.php(492): CodeIgniter\CodeIgniter->runController(Object(App\Controllers\Biodata))
 8 SYSTEMPATH\CodeIgniter.php(353): CodeIgniter\CodeIgniter->handleRequest(null, Object(Config\Cache), false)
 9 FCPATH\index.php(79): CodeIgniter\CodeIgniter->run()
INFO - 2023-10-05 21:22:30 --> Session: Class initialized using 'CodeIgniter\Session\Handlers\FileHandler' driver.
INFO - 2023-10-05 21:24:51 --> Session: Class initialized using 'CodeIgniter\Session\Handlers\FileHandler' driver.
WARNING - 2023-10-05 21:24:51 --> Session: Sessions is enabled, and one exists. Please don't $session->start();
INFO - 2023-10-05 21:25:56 --> Session: Class initialized using 'CodeIgniter\Session\Handlers\FileHandler' driver.
INFO - 2023-10-05 21:27:24 --> Session: Class initialized using 'CodeIgniter\Session\Handlers\FileHandler' driver.
INFO - 2023-10-05 21:27:49 --> Session: Class initialized using 'CodeIgniter\Session\Handlers\FileHandler' driver.
WARNING - 2023-10-05 21:27:49 --> Session: Sessions is enabled, and one exists. Please don't $session->start();
INFO - 2023-10-05 21:27:50 --> Session: Class initialized using 'CodeIgniter\Session\Handlers\FileHandler' driver.
INFO - 2023-10-05 21:30:22 --> Session: Class initialized using 'CodeIgniter\Session\Handlers\FileHandler' driver.
WARNING - 2023-10-05 21:30:22 --> Session: Sessions is enabled, and one exists. Please don't $session->start();
INFO - 2023-10-05 21:32:26 --> Session: Class initialized using 'CodeIgniter\Session\Handlers\FileHandler' driver.
INFO - 2023-10-05 21:33:32 --> Session: Class initialized using 'CodeIgniter\Session\Handlers\FileHandler' driver.
WARNING - 2023-10-05 21:33:32 --> Session: Sessions is enabled, and one exists. Please don't $session->start();
INFO - 2023-10-05 21:33:38 --> Session: Class initialized using 'CodeIgniter\Session\Handlers\FileHandler' driver.
INFO - 2023-10-05 21:33:53 --> Session: Class initialized using 'CodeIgniter\Session\Handlers\FileHandler' driver.
WARNING - 2023-10-05 21:33:53 --> Session: Sessions is enabled, and one exists. Please don't $session->start();
INFO - 2023-10-05 21:33:53 --> Session: Class initialized using 'CodeIgniter\Session\Handlers\FileHandler' driver.
INFO - 2023-10-05 21:35:17 --> Session: Class initialized using 'CodeIgniter\Session\Handlers\FileHandler' driver.
WARNING - 2023-10-05 21:35:17 --> Session: Sessions is enabled, and one exists. Please don't $session->start();
INFO - 2023-10-05 21:35:47 --> Session: Class initialized using 'CodeIgniter\Session\Handlers\FileHandler' driver.
WARNING - 2023-10-05 21:35:47 --> Session: Sessions is enabled, and one exists. Please don't $session->start();
INFO - 2023-10-05 21:37:23 --> Session: Class initialized using 'CodeIgniter\Session\Handlers\FileHandler' driver.
WARNING - 2023-10-05 21:37:23 --> Session: Sessions is enabled, and one exists. Please don't $session->start();
INFO - 2023-10-05 21:37:23 --> Session: Class initialized using 'CodeIgniter\Session\Handlers\FileHandler' driver.
