INFO - 2023-10-07 20:31:50 --> Session: Class initialized using 'CodeIgniter\Session\Handlers\FileHandler' driver.
INFO - 2023-10-07 20:32:06 --> Session: Class initialized using 'CodeIgniter\Session\Handlers\FileHandler' driver.
INFO - 2023-10-07 20:34:00 --> Session: Class initialized using 'CodeIgniter\Session\Handlers\FileHandler' driver.
INFO - 2023-10-07 20:34:17 --> Session: Class initialized using 'CodeIgniter\Session\Handlers\FileHandler' driver.
INFO - 2023-10-07 20:51:35 --> Session: Class initialized using 'CodeIgniter\Session\Handlers\FileHandler' driver.
INFO - 2023-10-07 20:52:08 --> Session: Class initialized using 'CodeIgniter\Session\Handlers\FileHandler' driver.
INFO - 2023-10-07 20:52:47 --> Session: Class initialized using 'CodeIgniter\Session\Handlers\FileHandler' driver.
CRITICAL - 2023-10-07 20:52:47 --> Cannot use object of type CodeIgniter\Debug\Timer as array
in APPPATH\Controllers\Dashboard.php on line 19.
 1 SYSTEMPATH\CodeIgniter.php(915): App\Controllers\Dashboard->index()
 2 SYSTEMPATH\CodeIgniter.php(492): CodeIgniter\CodeIgniter->runController(Object(App\Controllers\Dashboard))
 3 SYSTEMPATH\CodeIgniter.php(353): CodeIgniter\CodeIgniter->handleRequest(null, Object(Config\Cache), false)
 4 FCPATH\index.php(79): CodeIgniter\CodeIgniter->run()
INFO - 2023-10-07 20:53:00 --> Session: Class initialized using 'CodeIgniter\Session\Handlers\FileHandler' driver.
INFO - 2023-10-07 20:59:16 --> Session: Class initialized using 'CodeIgniter\Session\Handlers\FileHandler' driver.
CRITICAL - 2023-10-07 20:59:16 --> "wahala" is an invalid log level.
in SYSTEMPATH\Log\Logger.php on line 258.
 1 SYSTEMPATH\Log\Logger.php(258): CodeIgniter\Log\Exceptions\LogException::forInvalidLogLevel('wahala')
 2 SYSTEMPATH\Common.php(810): CodeIgniter\Log\Logger->log('wahala', 'wahahahahahahaha', [])
 3 APPPATH\Controllers\Dashboard.php(13): log_message('wahala', 'wahahahahahahaha')
 4 SYSTEMPATH\CodeIgniter.php(915): App\Controllers\Dashboard->index()
 5 SYSTEMPATH\CodeIgniter.php(492): CodeIgniter\CodeIgniter->runController(Object(App\Controllers\Dashboard))
 6 SYSTEMPATH\CodeIgniter.php(353): CodeIgniter\CodeIgniter->handleRequest(null, Object(Config\Cache), false)
 7 FCPATH\index.php(79): CodeIgniter\CodeIgniter->run()
INFO - 2023-10-07 20:59:33 --> Session: Class initialized using 'CodeIgniter\Session\Handlers\FileHandler' driver.
ERROR - 2023-10-07 20:59:33 --> wahahahahahahaha
INFO - 2023-10-07 21:08:36 --> Session: Class initialized using 'CodeIgniter\Session\Handlers\FileHandler' driver.
NOTICE - 2023-10-07 21:08:36 --> user {5} logged in with an IP of nanya
INFO - 2023-10-07 21:09:11 --> Session: Class initialized using 'CodeIgniter\Session\Handlers\FileHandler' driver.
NOTICE - 2023-10-07 21:09:11 --> user {id} logged in with an IP of nanya
INFO - 2023-10-07 21:10:17 --> Session: Class initialized using 'CodeIgniter\Session\Handlers\FileHandler' driver.
NOTICE - 2023-10-07 21:10:17 --> user 5 logged in with an IP of nanya
INFO - 2023-10-07 21:27:48 --> Session: Class initialized using 'CodeIgniter\Session\Handlers\FileHandler' driver.
CRITICAL - 2023-10-07 21:27:48 --> Undefined property: Config\Logger::$treshhld
in APPPATH\Controllers\Dashboard.php on line 14.
 1 APPPATH\Controllers\Dashboard.php(14): CodeIgniter\Debug\Exceptions->errorHandler(2, 'Undefined property: Config\\Logger::$treshhld', 'C:\\xampp\\htdocs\\uniportals\\app\\Controllers\\Dashboard.php', 14)
 2 SYSTEMPATH\CodeIgniter.php(915): App\Controllers\Dashboard->index()
 3 SYSTEMPATH\CodeIgniter.php(492): CodeIgniter\CodeIgniter->runController(Object(App\Controllers\Dashboard))
 4 SYSTEMPATH\CodeIgniter.php(353): CodeIgniter\CodeIgniter->handleRequest(null, Object(Config\Cache), false)
 5 FCPATH\index.php(79): CodeIgniter\CodeIgniter->run()
INFO - 2023-10-07 21:28:00 --> Session: Class initialized using 'CodeIgniter\Session\Handlers\FileHandler' driver.
CRITICAL - 2023-10-07 21:28:00 --> Undefined property: Config\Logger::$treshold
in APPPATH\Controllers\Dashboard.php on line 14.
 1 APPPATH\Controllers\Dashboard.php(14): CodeIgniter\Debug\Exceptions->errorHandler(2, 'Undefined property: Config\\Logger::$treshold', 'C:\\xampp\\htdocs\\uniportals\\app\\Controllers\\Dashboard.php', 14)
 2 SYSTEMPATH\CodeIgniter.php(915): App\Controllers\Dashboard->index()
 3 SYSTEMPATH\CodeIgniter.php(492): CodeIgniter\CodeIgniter->runController(Object(App\Controllers\Dashboard))
 4 SYSTEMPATH\CodeIgniter.php(353): CodeIgniter\CodeIgniter->handleRequest(null, Object(Config\Cache), false)
 5 FCPATH\index.php(79): CodeIgniter\CodeIgniter->run()
CRITICAL - 2023-10-07 21:28:16 --> syntax error, unexpected token ";", expecting ")"
in APPPATH\Controllers\Dashboard.php on line 14.
 1 SYSTEMPATH\Autoloader\Autoloader.php(285): CodeIgniter\Autoloader\Autoloader->includeFile('C:\\xampp\\htdocs\\uniportals\\app\\Controllers\\Dashboard.php')
 2 SYSTEMPATH\Autoloader\Autoloader.php(263): CodeIgniter\Autoloader\Autoloader->loadInNamespace('App\\Controllers\\Dashboard')
 3 [internal function]: CodeIgniter\Autoloader\Autoloader->loadClass('App\\Controllers\\Dashboard')
 4 SYSTEMPATH\CodeIgniter.php(873): class_exists('\\App\\Controllers\\Dashboard', true)
 5 SYSTEMPATH\CodeIgniter.php(479): CodeIgniter\CodeIgniter->startController()
 6 SYSTEMPATH\CodeIgniter.php(353): CodeIgniter\CodeIgniter->handleRequest(null, Object(Config\Cache), false)
 7 FCPATH\index.php(79): CodeIgniter\CodeIgniter->run()
INFO - 2023-10-07 21:28:24 --> Session: Class initialized using 'CodeIgniter\Session\Handlers\FileHandler' driver.
INFO - 2023-10-07 21:28:54 --> Session: Class initialized using 'CodeIgniter\Session\Handlers\FileHandler' driver.
INFO - 2023-10-07 21:31:28 --> Session: Class initialized using 'CodeIgniter\Session\Handlers\FileHandler' driver.
INFO - 2023-10-07 21:32:57 --> Session: Class initialized using 'CodeIgniter\Session\Handlers\FileHandler' driver.
INFO - 2023-10-07 21:33:01 --> Session: Class initialized using 'CodeIgniter\Session\Handlers\FileHandler' driver.
INFO - 2023-10-07 21:33:10 --> Session: Class initialized using 'CodeIgniter\Session\Handlers\FileHandler' driver.
ERROR - 2023-10-07 21:33:12 --> mysqli_sql_exception: Column 'student_id' cannot be null in C:\xampp\htdocs\uniportals\system\Database\MySQLi\Connection.php:306
Stack trace:
#0 C:\xampp\htdocs\uniportals\system\Database\MySQLi\Connection.php(306): mysqli->query('INSERT INTO `pr...', 0)
#1 C:\xampp\htdocs\uniportals\system\Database\BaseConnection.php(692): CodeIgniter\Database\MySQLi\Connection->execute('INSERT INTO `pr...')
#2 C:\xampp\htdocs\uniportals\system\Database\BaseConnection.php(606): CodeIgniter\Database\BaseConnection->simpleQuery('INSERT INTO `pr...')
#3 C:\xampp\htdocs\uniportals\system\Database\BaseBuilder.php(2309): CodeIgniter\Database\BaseConnection->query('INSERT INTO `pr...', Array, false)
#4 C:\xampp\htdocs\uniportals\system\Model.php(319): CodeIgniter\Database\BaseBuilder->insert()
#5 C:\xampp\htdocs\uniportals\system\BaseModel.php(788): CodeIgniter\Model->doInsert(Array)
#6 C:\xampp\htdocs\uniportals\system\Model.php(715): CodeIgniter\BaseModel->insert(Array, true)
#7 C:\xampp\htdocs\uniportals\app\Libraries\ProfileImageUploader.php(38): CodeIgniter\Model->insert(Array)
#8 C:\xampp\htdocs\uniportals\app\Controllers\Biodata.php(24): App\Libraries\ProfileImageUploader->upload(NULL)
#9 C:\xampp\htdocs\uniportals\system\CodeIgniter.php(915): App\Controllers\Biodata->uploadPhoto()
#10 C:\xampp\htdocs\uniportals\system\CodeIgniter.php(492): CodeIgniter\CodeIgniter->runController(Object(App\Controllers\Biodata))
#11 C:\xampp\htdocs\uniportals\system\CodeIgniter.php(353): CodeIgniter\CodeIgniter->handleRequest(NULL, Object(Config\Cache), false)
#12 C:\xampp\htdocs\uniportals\public\index.php(79): CodeIgniter\CodeIgniter->run()
#13 {main}
CRITICAL - 2023-10-07 21:33:12 --> Column 'student_id' cannot be null
in SYSTEMPATH\Database\BaseConnection.php on line 646.
 1 SYSTEMPATH\Database\BaseBuilder.php(2309): CodeIgniter\Database\BaseConnection->query('INSERT INTO `profileimages` (`student_id`, `path`) VALUES (:student_id:, :path:)', [...], false)
 2 SYSTEMPATH\Model.php(319): CodeIgniter\Database\BaseBuilder->insert()
 3 SYSTEMPATH\BaseModel.php(788): CodeIgniter\Model->doInsert([...])
 4 SYSTEMPATH\Model.php(715): CodeIgniter\BaseModel->insert([...], true)
 5 APPPATH\Libraries\ProfileImageUploader.php(38): CodeIgniter\Model->insert([...])
 6 APPPATH\Controllers\Biodata.php(24): App\Libraries\ProfileImageUploader->upload(null)
 7 SYSTEMPATH\CodeIgniter.php(915): App\Controllers\Biodata->uploadPhoto()
 8 SYSTEMPATH\CodeIgniter.php(492): CodeIgniter\CodeIgniter->runController(Object(App\Controllers\Biodata))
 9 SYSTEMPATH\CodeIgniter.php(353): CodeIgniter\CodeIgniter->handleRequest(null, Object(Config\Cache), false)
10 FCPATH\index.php(79): CodeIgniter\CodeIgniter->run()
INFO - 2023-10-07 21:36:15 --> Session: Class initialized using 'CodeIgniter\Session\Handlers\FileHandler' driver.
WARNING - 2023-10-07 21:36:15 --> Session: Sessions is enabled, and one exists. Please don't $session->start();
INFO - 2023-10-07 21:38:01 --> Session: Class initialized using 'CodeIgniter\Session\Handlers\FileHandler' driver.
WARNING - 2023-10-07 21:38:01 --> Session: Sessions is enabled, and one exists. Please don't $session->start();
INFO - 2023-10-07 21:38:22 --> Session: Class initialized using 'CodeIgniter\Session\Handlers\FileHandler' driver.
WARNING - 2023-10-07 21:38:22 --> Session: Sessions is enabled, and one exists. Please don't $session->start();
