INFO - 2023-10-08 12:07:37 --> Session: Class initialized using 'CodeIgniter\Session\Handlers\FileHandler' driver.
INFO - 2023-10-08 12:33:53 --> Session: Class initialized using 'CodeIgniter\Session\Handlers\FileHandler' driver.
WARNING - 2023-10-08 12:33:53 --> Session: Sessions is enabled, and one exists. Please don't $session->start();
INFO - 2023-10-08 12:35:11 --> Session: Class initialized using 'CodeIgniter\Session\Handlers\FileHandler' driver.
WARNING - 2023-10-08 12:35:12 --> Session: Sessions is enabled, and one exists. Please don't $session->start();
INFO - 2023-10-08 12:35:31 --> Session: Class initialized using 'CodeIgniter\Session\Handlers\FileHandler' driver.
WARNING - 2023-10-08 12:35:31 --> Session: Sessions is enabled, and one exists. Please don't $session->start();
INFO - 2023-10-08 12:36:18 --> Session: Class initialized using 'CodeIgniter\Session\Handlers\FileHandler' driver.
WARNING - 2023-10-08 12:36:18 --> Session: Sessions is enabled, and one exists. Please don't $session->start();
INFO - 2023-10-08 12:38:39 --> Session: Class initialized using 'CodeIgniter\Session\Handlers\FileHandler' driver.
WARNING - 2023-10-08 12:38:39 --> Session: Sessions is enabled, and one exists. Please don't $session->start();
INFO - 2023-10-08 12:39:35 --> Session: Class initialized using 'CodeIgniter\Session\Handlers\FileHandler' driver.
WARNING - 2023-10-08 12:39:35 --> Session: Sessions is enabled, and one exists. Please don't $session->start();
INFO - 2023-10-08 12:56:06 --> Session: Class initialized using 'CodeIgniter\Session\Handlers\FileHandler' driver.
INFO - 2023-10-08 12:57:17 --> Session: Class initialized using 'CodeIgniter\Session\Handlers\FileHandler' driver.
INFO - 2023-10-08 12:58:36 --> Session: Class initialized using 'CodeIgniter\Session\Handlers\FileHandler' driver.
INFO - 2023-10-08 13:01:16 --> Session: Class initialized using 'CodeIgniter\Session\Handlers\FileHandler' driver.
INFO - 2023-10-08 13:06:35 --> Session: Class initialized using 'CodeIgniter\Session\Handlers\FileHandler' driver.
WARNING - 2023-10-08 13:06:35 --> Session: Sessions is enabled, and one exists. Please don't $session->start();
CRITICAL - 2023-10-08 13:06:35 --> Cannot use object of type App\Models\StudentModel as array
in APPPATH\Controllers\Auth.php on line 36.
 1 SYSTEMPATH\CodeIgniter.php(915): App\Controllers\Auth->signin()
 2 SYSTEMPATH\CodeIgniter.php(492): CodeIgniter\CodeIgniter->runController(Object(App\Controllers\Auth))
 3 SYSTEMPATH\CodeIgniter.php(353): CodeIgniter\CodeIgniter->handleRequest(null, Object(Config\Cache), false)
 4 FCPATH\index.php(79): CodeIgniter\CodeIgniter->run()
INFO - 2023-10-08 13:08:00 --> Session: Class initialized using 'CodeIgniter\Session\Handlers\FileHandler' driver.
WARNING - 2023-10-08 13:08:00 --> Session: Sessions is enabled, and one exists. Please don't $session->start();
INFO - 2023-10-08 13:08:01 --> Session: Class initialized using 'CodeIgniter\Session\Handlers\FileHandler' driver.
INFO - 2023-10-08 13:08:47 --> Session: Class initialized using 'CodeIgniter\Session\Handlers\FileHandler' driver.
WARNING - 2023-10-08 13:08:47 --> Session: Sessions is enabled, and one exists. Please don't $session->start();
INFO - 2023-10-08 13:09:18 --> Session: Class initialized using 'CodeIgniter\Session\Handlers\FileHandler' driver.
INFO - 2023-10-08 13:09:23 --> Session: Class initialized using 'CodeIgniter\Session\Handlers\FileHandler' driver.
WARNING - 2023-10-08 13:09:23 --> Session: Sessions is enabled, and one exists. Please don't $session->start();
INFO - 2023-10-08 13:09:57 --> Session: Class initialized using 'CodeIgniter\Session\Handlers\FileHandler' driver.
WARNING - 2023-10-08 13:09:57 --> Session: Sessions is enabled, and one exists. Please don't $session->start();
INFO - 2023-10-08 13:10:13 --> Session: Class initialized using 'CodeIgniter\Session\Handlers\FileHandler' driver.
WARNING - 2023-10-08 13:10:13 --> Session: Sessions is enabled, and one exists. Please don't $session->start();
INFO - 2023-10-08 13:10:34 --> Session: Class initialized using 'CodeIgniter\Session\Handlers\FileHandler' driver.
WARNING - 2023-10-08 13:10:34 --> Session: Sessions is enabled, and one exists. Please don't $session->start();
INFO - 2023-10-08 13:12:38 --> Session: Class initialized using 'CodeIgniter\Session\Handlers\FileHandler' driver.
INFO - 2023-10-08 13:13:06 --> Session: Class initialized using 'CodeIgniter\Session\Handlers\FileHandler' driver.
WARNING - 2023-10-08 13:13:06 --> Session: Sessions is enabled, and one exists. Please don't $session->start();
INFO - 2023-10-08 13:13:09 --> Session: Class initialized using 'CodeIgniter\Session\Handlers\FileHandler' driver.
INFO - 2023-10-08 13:13:22 --> Session: Class initialized using 'CodeIgniter\Session\Handlers\FileHandler' driver.
WARNING - 2023-10-08 13:13:22 --> Session: Sessions is enabled, and one exists. Please don't $session->start();
INFO - 2023-10-08 13:14:07 --> Session: Class initialized using 'CodeIgniter\Session\Handlers\FileHandler' driver.
WARNING - 2023-10-08 13:14:07 --> Session: Sessions is enabled, and one exists. Please don't $session->start();
INFO - 2023-10-08 13:14:44 --> Session: Class initialized using 'CodeIgniter\Session\Handlers\FileHandler' driver.
WARNING - 2023-10-08 13:14:44 --> Session: Sessions is enabled, and one exists. Please don't $session->start();
CRITICAL - 2023-10-08 13:14:44 --> Attempt to read property "password" on array
in APPPATH\Controllers\Auth.php on line 39.
 1 APPPATH\Controllers\Auth.php(39): CodeIgniter\Debug\Exceptions->errorHandler(2, 'Attempt to read property "password" on array', 'C:\\xampp\\htdocs\\uniportals\\app\\Controllers\\Auth.php', 39)
 2 SYSTEMPATH\CodeIgniter.php(915): App\Controllers\Auth->signin()
 3 SYSTEMPATH\CodeIgniter.php(492): CodeIgniter\CodeIgniter->runController(Object(App\Controllers\Auth))
 4 SYSTEMPATH\CodeIgniter.php(353): CodeIgniter\CodeIgniter->handleRequest(null, Object(Config\Cache), false)
 5 FCPATH\index.php(79): CodeIgniter\CodeIgniter->run()
INFO - 2023-10-08 13:15:33 --> Session: Class initialized using 'CodeIgniter\Session\Handlers\FileHandler' driver.
WARNING - 2023-10-08 13:15:33 --> Session: Sessions is enabled, and one exists. Please don't $session->start();
CRITICAL - 2023-10-08 13:15:33 --> Undefined array key "password"
in APPPATH\Controllers\Auth.php on line 39.
 1 APPPATH\Controllers\Auth.php(39): CodeIgniter\Debug\Exceptions->errorHandler(2, 'Undefined array key "password"', 'C:\\xampp\\htdocs\\uniportals\\app\\Controllers\\Auth.php', 39)
 2 SYSTEMPATH\CodeIgniter.php(915): App\Controllers\Auth->signin()
 3 SYSTEMPATH\CodeIgniter.php(492): CodeIgniter\CodeIgniter->runController(Object(App\Controllers\Auth))
 4 SYSTEMPATH\CodeIgniter.php(353): CodeIgniter\CodeIgniter->handleRequest(null, Object(Config\Cache), false)
 5 FCPATH\index.php(79): CodeIgniter\CodeIgniter->run()
INFO - 2023-10-08 13:16:03 --> Session: Class initialized using 'CodeIgniter\Session\Handlers\FileHandler' driver.
WARNING - 2023-10-08 13:16:03 --> Session: Sessions is enabled, and one exists. Please don't $session->start();
INFO - 2023-10-08 13:16:51 --> Session: Class initialized using 'CodeIgniter\Session\Handlers\FileHandler' driver.
WARNING - 2023-10-08 13:16:51 --> Session: Sessions is enabled, and one exists. Please don't $session->start();
INFO - 2023-10-08 13:17:12 --> Session: Class initialized using 'CodeIgniter\Session\Handlers\FileHandler' driver.
WARNING - 2023-10-08 13:17:12 --> Session: Sessions is enabled, and one exists. Please don't $session->start();
INFO - 2023-10-08 13:18:23 --> Session: Class initialized using 'CodeIgniter\Session\Handlers\FileHandler' driver.
INFO - 2023-10-08 13:18:32 --> Session: Class initialized using 'CodeIgniter\Session\Handlers\FileHandler' driver.
WARNING - 2023-10-08 13:18:32 --> Session: Sessions is enabled, and one exists. Please don't $session->start();
INFO - 2023-10-08 13:19:29 --> Session: Class initialized using 'CodeIgniter\Session\Handlers\FileHandler' driver.
WARNING - 2023-10-08 13:19:29 --> Session: Sessions is enabled, and one exists. Please don't $session->start();
INFO - 2023-10-08 13:20:09 --> Session: Class initialized using 'CodeIgniter\Session\Handlers\FileHandler' driver.
WARNING - 2023-10-08 13:20:09 --> Session: Sessions is enabled, and one exists. Please don't $session->start();
INFO - 2023-10-08 13:20:17 --> Session: Class initialized using 'CodeIgniter\Session\Handlers\FileHandler' driver.
INFO - 2023-10-08 13:20:27 --> Session: Class initialized using 'CodeIgniter\Session\Handlers\FileHandler' driver.
WARNING - 2023-10-08 13:20:27 --> Session: Sessions is enabled, and one exists. Please don't $session->start();
INFO - 2023-10-08 14:28:19 --> Session: Class initialized using 'CodeIgniter\Session\Handlers\FileHandler' driver.
WARNING - 2023-10-08 14:28:19 --> Session: Sessions is enabled, and one exists. Please don't $session->start();
INFO - 2023-10-08 14:31:43 --> Session: Class initialized using 'CodeIgniter\Session\Handlers\FileHandler' driver.
WARNING - 2023-10-08 14:31:43 --> Session: Sessions is enabled, and one exists. Please don't $session->start();
INFO - 2023-10-08 14:31:50 --> Session: Class initialized using 'CodeIgniter\Session\Handlers\FileHandler' driver.
WARNING - 2023-10-08 14:31:50 --> Session: Sessions is enabled, and one exists. Please don't $session->start();
INFO - 2023-10-08 14:32:08 --> Session: Class initialized using 'CodeIgniter\Session\Handlers\FileHandler' driver.
WARNING - 2023-10-08 14:32:08 --> Session: Sessions is enabled, and one exists. Please don't $session->start();
INFO - 2023-10-08 14:33:13 --> Session: Class initialized using 'CodeIgniter\Session\Handlers\FileHandler' driver.
WARNING - 2023-10-08 14:33:13 --> Session: Sessions is enabled, and one exists. Please don't $session->start();
INFO - 2023-10-08 14:33:33 --> Session: Class initialized using 'CodeIgniter\Session\Handlers\FileHandler' driver.
INFO - 2023-10-08 14:35:04 --> Session: Class initialized using 'CodeIgniter\Session\Handlers\FileHandler' driver.
INFO - 2023-10-08 14:35:29 --> Session: Class initialized using 'CodeIgniter\Session\Handlers\FileHandler' driver.
WARNING - 2023-10-08 14:35:29 --> Session: Sessions is enabled, and one exists. Please don't $session->start();
INFO - 2023-10-08 14:35:52 --> Session: Class initialized using 'CodeIgniter\Session\Handlers\FileHandler' driver.
WARNING - 2023-10-08 14:35:52 --> Session: Sessions is enabled, and one exists. Please don't $session->start();
INFO - 2023-10-08 14:44:04 --> Session: Class initialized using 'CodeIgniter\Session\Handlers\FileHandler' driver.
WARNING - 2023-10-08 14:44:04 --> Session: Sessions is enabled, and one exists. Please don't $session->start();
INFO - 2023-10-08 14:59:34 --> Session: Class initialized using 'CodeIgniter\Session\Handlers\FileHandler' driver.
WARNING - 2023-10-08 14:59:34 --> Session: Sessions is enabled, and one exists. Please don't $session->start();
INFO - 2023-10-08 14:59:49 --> Session: Class initialized using 'CodeIgniter\Session\Handlers\FileHandler' driver.
INFO - 2023-10-08 15:00:01 --> Session: Class initialized using 'CodeIgniter\Session\Handlers\FileHandler' driver.
WARNING - 2023-10-08 15:00:01 --> Session: Sessions is enabled, and one exists. Please don't $session->start();
INFO - 2023-10-08 15:00:43 --> Session: Class initialized using 'CodeIgniter\Session\Handlers\FileHandler' driver.
INFO - 2023-10-08 15:01:17 --> Session: Class initialized using 'CodeIgniter\Session\Handlers\FileHandler' driver.
INFO - 2023-10-08 15:01:36 --> Session: Class initialized using 'CodeIgniter\Session\Handlers\FileHandler' driver.
INFO - 2023-10-08 15:01:47 --> Session: Class initialized using 'CodeIgniter\Session\Handlers\FileHandler' driver.
WARNING - 2023-10-08 15:01:47 --> Session: Sessions is enabled, and one exists. Please don't $session->start();
INFO - 2023-10-08 15:06:33 --> Session: Class initialized using 'CodeIgniter\Session\Handlers\FileHandler' driver.
WARNING - 2023-10-08 15:06:33 --> Session: Sessions is enabled, and one exists. Please don't $session->start();
INFO - 2023-10-08 15:08:33 --> Session: Class initialized using 'CodeIgniter\Session\Handlers\FileHandler' driver.
INFO - 2023-10-08 15:08:51 --> Session: Class initialized using 'CodeIgniter\Session\Handlers\FileHandler' driver.
INFO - 2023-10-08 15:09:03 --> Session: Class initialized using 'CodeIgniter\Session\Handlers\FileHandler' driver.
WARNING - 2023-10-08 15:09:03 --> Session: Sessions is enabled, and one exists. Please don't $session->start();
INFO - 2023-10-08 15:11:25 --> Session: Class initialized using 'CodeIgniter\Session\Handlers\FileHandler' driver.
WARNING - 2023-10-08 15:11:25 --> Session: Sessions is enabled, and one exists. Please don't $session->start();
INFO - 2023-10-08 15:11:44 --> Session: Class initialized using 'CodeIgniter\Session\Handlers\FileHandler' driver.
WARNING - 2023-10-08 15:11:44 --> Session: Sessions is enabled, and one exists. Please don't $session->start();
INFO - 2023-10-08 15:12:06 --> Session: Class initialized using 'CodeIgniter\Session\Handlers\FileHandler' driver.
WARNING - 2023-10-08 15:12:06 --> Session: Sessions is enabled, and one exists. Please don't $session->start();
INFO - 2023-10-08 15:12:22 --> Session: Class initialized using 'CodeIgniter\Session\Handlers\FileHandler' driver.
INFO - 2023-10-08 15:12:38 --> Session: Class initialized using 'CodeIgniter\Session\Handlers\FileHandler' driver.
WARNING - 2023-10-08 15:12:38 --> Session: Sessions is enabled, and one exists. Please don't $session->start();
INFO - 2023-10-08 15:16:10 --> Session: Class initialized using 'CodeIgniter\Session\Handlers\FileHandler' driver.
INFO - 2023-10-08 15:16:22 --> Session: Class initialized using 'CodeIgniter\Session\Handlers\FileHandler' driver.
WARNING - 2023-10-08 15:16:22 --> Session: Sessions is enabled, and one exists. Please don't $session->start();
INFO - 2023-10-08 17:35:17 --> Session: Class initialized using 'CodeIgniter\Session\Handlers\FileHandler' driver.
INFO - 2023-10-08 17:38:24 --> Session: Class initialized using 'CodeIgniter\Session\Handlers\FileHandler' driver.
WARNING - 2023-10-08 17:38:24 --> Session: Sessions is enabled, and one exists. Please don't $session->start();
ERROR - 2023-10-08 17:38:25 --> user with the cookie id tried to log in on this date
INFO - 2023-10-08 17:38:28 --> Session: Class initialized using 'CodeIgniter\Session\Handlers\FileHandler' driver.
INFO - 2023-10-08 17:39:02 --> Session: Class initialized using 'CodeIgniter\Session\Handlers\FileHandler' driver.
WARNING - 2023-10-08 17:39:02 --> Session: Sessions is enabled, and one exists. Please don't $session->start();
ERROR - 2023-10-08 17:39:02 --> user with the cookie id tried to log in on this date
INFO - 2023-10-08 17:39:05 --> Session: Class initialized using 'CodeIgniter\Session\Handlers\FileHandler' driver.
INFO - 2023-10-08 17:50:21 --> Session: Class initialized using 'CodeIgniter\Session\Handlers\FileHandler' driver.
INFO - 2023-10-08 17:50:47 --> Session: Class initialized using 'CodeIgniter\Session\Handlers\FileHandler' driver.
WARNING - 2023-10-08 17:50:47 --> Session: Sessions is enabled, and one exists. Please don't $session->start();
ERROR - 2023-10-08 17:50:47 --> user with the cookie id tried to log in on this date
INFO - 2023-10-08 17:50:49 --> Session: Class initialized using 'CodeIgniter\Session\Handlers\FileHandler' driver.
INFO - 2023-10-08 17:50:54 --> Session: Class initialized using 'CodeIgniter\Session\Handlers\FileHandler' driver.
WARNING - 2023-10-08 17:50:54 --> Session: Sessions is enabled, and one exists. Please don't $session->start();
ERROR - 2023-10-08 17:50:54 --> user with the cookie id tried to log in on this date
INFO - 2023-10-08 17:55:18 --> Session: Class initialized using 'CodeIgniter\Session\Handlers\FileHandler' driver.
INFO - 2023-10-08 17:55:23 --> Session: Class initialized using 'CodeIgniter\Session\Handlers\FileHandler' driver.
WARNING - 2023-10-08 17:55:23 --> Session: Sessions is enabled, and one exists. Please don't $session->start();
ERROR - 2023-10-08 17:55:24 --> user with the cookie id tried to log in on this date
INFO - 2023-10-08 17:56:55 --> Session: Class initialized using 'CodeIgniter\Session\Handlers\FileHandler' driver.
INFO - 2023-10-08 17:57:00 --> Session: Class initialized using 'CodeIgniter\Session\Handlers\FileHandler' driver.
WARNING - 2023-10-08 17:57:00 --> Session: Sessions is enabled, and one exists. Please don't $session->start();
ERROR - 2023-10-08 17:57:00 --> user with the cookie id tried to log in on this date
INFO - 2023-10-08 17:57:11 --> Session: Class initialized using 'CodeIgniter\Session\Handlers\FileHandler' driver.
WARNING - 2023-10-08 17:57:11 --> Session: Sessions is enabled, and one exists. Please don't $session->start();
INFO - 2023-10-08 17:58:43 --> Session: Class initialized using 'CodeIgniter\Session\Handlers\FileHandler' driver.
INFO - 2023-10-08 17:59:08 --> Session: Class initialized using 'CodeIgniter\Session\Handlers\FileHandler' driver.
WARNING - 2023-10-08 17:59:08 --> Session: Sessions is enabled, and one exists. Please don't $session->start();
INFO - 2023-10-08 17:59:55 --> Session: Class initialized using 'CodeIgniter\Session\Handlers\FileHandler' driver.
INFO - 2023-10-08 18:00:08 --> Session: Class initialized using 'CodeIgniter\Session\Handlers\FileHandler' driver.
WARNING - 2023-10-08 18:00:08 --> Session: Sessions is enabled, and one exists. Please don't $session->start();
WARNING - 2023-10-08 18:00:08 --> Session: Sessions is enabled, and one exists. Please don't $session->start();
